android/app/build/intermediates/manifest_merge_blame_file/debug/manifest-merger-blame-debug-report.txt
1<?xml version="1.0" encoding="utf-8"?>
2<manifest xmlns:android="http://schemas.android.com/apk/res/android"
3    package="com.awesomeproject"
4    android:versionCode="1"
5    android:versionName="1.0" >
6
7    <uses-sdk
8        android:minSdkVersion="21"
9        android:targetSdkVersion="31" />
10
11    <uses-permission android:name="android.permission.SYSTEM_ALERT_WINDOW" />
11-->src/debug/AndroidManifest.xml:5:5-77
11-->src/debug/AndroidManifest.xml:5:22-75
12    <uses-permission android:name="android.permission.INTERNET" />
12-->src/main/AndroidManifest.xml:4:5-67
12-->src/main/AndroidManifest.xml:4:22-64
13    <uses-permission android:name="android.permission.ACCESS_WIFI_STATE" /> <!-- Required by older versions of Google Play services to create IID tokens -->
13-->[com.facebook.flipper:flipper:0.125.0] AndroidManifest.xml:16:5-76
13-->[com.facebook.flipper:flipper:0.125.0] AndroidManifest.xml:16:22-73
14    <uses-permission android:name="com.google.android.c2dm.permission.RECEIVE" />
14-->[com.google.android.gms:play-services-iid:17.0.0] AndroidManifest.xml:23:5-82
14-->[com.google.android.gms:play-services-iid:17.0.0] AndroidManifest.xml:23:22-79
15    <uses-permission android:name="com.google.android.finsky.permission.BIND_GET_INSTALL_REFERRER_SERVICE" />
15-->[com.android.installreferrer:installreferrer:1.1.2] AndroidManifest.xml:9:5-110
15-->[com.android.installreferrer:installreferrer:1.1.2] AndroidManifest.xml:9:22-107
16
17    <application
17-->src/main/AndroidManifest.xml:6:5-25:19
18        android:name="com.awesomeproject.MainApplication"
18-->src/main/AndroidManifest.xml:7:7-38
19        android:allowBackup="false"
19-->src/main/AndroidManifest.xml:11:7-34
20        android:appComponentFactory="androidx.core.app.CoreComponentFactory"
20-->[androidx.core:core:1.6.0] AndroidManifest.xml:24:18-86
21        android:debuggable="true"
22        android:icon="@mipmap/ic_launcher"
22-->src/main/AndroidManifest.xml:9:7-41
23        android:label="@string/app_name"
23-->src/main/AndroidManifest.xml:8:7-39
24        android:roundIcon="@mipmap/ic_launcher_round"
24-->src/main/AndroidManifest.xml:10:7-52
25        android:theme="@style/AppTheme"
25-->src/main/AndroidManifest.xml:12:7-38
26        android:usesCleartextTraffic="true" >
26-->src/debug/AndroidManifest.xml:8:9-44
27        <activity
27-->src/debug/AndroidManifest.xml:11:9-111
28            android:name="com.facebook.react.devsupport.DevSettingsActivity"
28-->src/debug/AndroidManifest.xml:11:19-83
29            android:exported="false" />
29-->src/debug/AndroidManifest.xml:11:84-108
30        <activity
30-->src/main/AndroidManifest.xml:13:7-24:18
31            android:name="com.awesomeproject.MainActivity"
31-->src/main/AndroidManifest.xml:14:9-37
32            android:configChanges="keyboard|keyboardHidden|orientation|screenLayout|screenSize|smallestScreenSize|uiMode"
32-->src/main/AndroidManifest.xml:16:9-118
33            android:exported="true"
33-->src/main/AndroidManifest.xml:19:9-32
34            android:label="@string/app_name"
34-->src/main/AndroidManifest.xml:15:9-41
35            android:launchMode="singleTask"
35-->src/main/AndroidManifest.xml:17:9-40
36            android:windowSoftInputMode="adjustResize" >
36-->src/main/AndroidManifest.xml:18:9-51
37            <intent-filter>
37-->src/main/AndroidManifest.xml:20:9-23:25
38                <action android:name="android.intent.action.MAIN" />
38-->src/main/AndroidManifest.xml:21:13-65
38-->src/main/AndroidManifest.xml:21:21-62
39
40                <category android:name="android.intent.category.LAUNCHER" />
40-->src/main/AndroidManifest.xml:22:13-73
40-->src/main/AndroidManifest.xml:22:23-70
41            </intent-filter>
42        </activity>
43        <activity
43-->[com.google.android.gms:play-services-base:17.0.0] AndroidManifest.xml:23:9-26:75
44            android:name="com.google.android.gms.common.api.GoogleApiActivity"
44-->[com.google.android.gms:play-services-base:17.0.0] AndroidManifest.xml:24:13-79
45            android:exported="false"
45-->[com.google.android.gms:play-services-base:17.0.0] AndroidManifest.xml:25:13-37
46            android:theme="@android:style/Theme.Translucent.NoTitleBar" />
46-->[com.google.android.gms:play-services-base:17.0.0] AndroidManifest.xml:26:13-72
47
48        <meta-data
48-->[com.google.android.gms:play-services-basement:17.0.0] AndroidManifest.xml:23:9-25:69
49            android:name="com.google.android.gms.version"
49-->[com.google.android.gms:play-services-basement:17.0.0] AndroidManifest.xml:24:13-58
50            android:value="@integer/google_play_services_version" />
50-->[com.google.android.gms:play-services-basement:17.0.0] AndroidManifest.xml:25:13-66
51    </application>
52
53</manifest>